<?xml version="1.0" encoding="UTF-8"?>
<testng-results ignored="0" total="1" passed="1" failed="0" skipped="0">
  <reporter-output>
  </reporter-output>
  <suite started-at="2022-06-05T07:25:12Z" name="Default suite" finished-at="2022-06-05T07:25:19Z" duration-ms="7055">
    <groups>
    </groups>
    <test started-at="2022-06-05T07:25:12Z" name="Default test" finished-at="2022-06-05T07:25:19Z" duration-ms="7055">
      <class name="Apichainning.EndtoEndTest">
        <test-method signature="test1()[pri:0, instance:Apichainning.EndtoEndTest@479ceda0]" started-at="2022-06-05T07:25:12Z" name="test1" finished-at="2022-06-05T07:25:19Z" duration-ms="7012" status="PASS">
          <reporter-output>
          </reporter-output>
        </test-method> <!-- test1 -->
      </class> <!-- Apichainning.EndtoEndTest -->
    </test> <!-- Default test -->
  </suite> <!-- Default suite -->
</testng-results>
